[2025-09-12T17:52:58.602+0000] {taskinstance.py:1956} INFO - Dependencies all met for dep_context=non-requeueable deps ti=<TaskInstance: sap_elt_pipeline.run_dbt_models manual__2025-09-12T17:52:01.443926+00:00 [queued]>
[2025-09-12T17:52:58.618+0000] {taskinstance.py:1956} INFO - Dependencies all met for dep_context=requeueable deps ti=<TaskInstance: sap_elt_pipeline.run_dbt_models manual__2025-09-12T17:52:01.443926+00:00 [queued]>
[2025-09-12T17:52:58.619+0000] {taskinstance.py:2170} INFO - Starting attempt 1 of 1
[2025-09-12T17:52:58.646+0000] {taskinstance.py:2191} INFO - Executing <Task(BashOperator): run_dbt_models> on 2025-09-12 17:52:01.443926+00:00
[2025-09-12T17:52:58.652+0000] {standard_task_runner.py:60} INFO - Started process 5111 to run task
[2025-09-12T17:52:58.658+0000] {standard_task_runner.py:87} INFO - Running: ['***', 'tasks', 'run', 'sap_elt_pipeline', 'run_dbt_models', 'manual__2025-09-12T17:52:01.443926+00:00', '--job-id', '34', '--raw', '--subdir', 'DAGS_FOLDER/sap_etl_pipeline.py', '--cfg-path', '/tmp/tmpv1_9m7ar']
[2025-09-12T17:52:58.661+0000] {standard_task_runner.py:88} INFO - Job 34: Subtask run_dbt_models
[2025-09-12T17:52:58.734+0000] {task_command.py:423} INFO - Running <TaskInstance: sap_elt_pipeline.run_dbt_models manual__2025-09-12T17:52:01.443926+00:00 [running]> on host f99cf7ca5f05
[2025-09-12T17:52:58.844+0000] {taskinstance.py:2480} INFO - Exporting env vars: AIRFLOW_CTX_DAG_OWNER='***' AIRFLOW_CTX_DAG_ID='sap_elt_pipeline' AIRFLOW_CTX_TASK_ID='run_dbt_models' AIRFLOW_CTX_EXECUTION_DATE='2025-09-12T17:52:01.443926+00:00' AIRFLOW_CTX_TRY_NUMBER='1' AIRFLOW_CTX_DAG_RUN_ID='manual__2025-09-12T17:52:01.443926+00:00'
[2025-09-12T17:52:58.847+0000] {subprocess.py:63} INFO - Tmp dir root location: /tmp
[2025-09-12T17:52:58.848+0000] {subprocess.py:75} INFO - Running command: ['/usr/bin/bash', '-c', 'dbt run --project-dir /opt/***/dbt --profiles-dir /opt/***/dbt']
[2025-09-12T17:52:58.862+0000] {subprocess.py:86} INFO - Output:
[2025-09-12T17:53:02.253+0000] {subprocess.py:93} INFO - [0m17:53:02  Running with dbt=1.9.0-b2
[2025-09-12T17:53:02.256+0000] {subprocess.py:93} INFO - [0m17:53:02  [[33mWARNING[0m]: Deprecated functionality
[2025-09-12T17:53:02.257+0000] {subprocess.py:93} INFO - 
[2025-09-12T17:53:02.258+0000] {subprocess.py:93} INFO - User config should be moved from the 'config' key in profiles.yml to the 'flags' key in dbt_project.yml.
[2025-09-12T17:53:05.027+0000] {subprocess.py:93} INFO - [0m17:53:05  Registered adapter: snowflake=1.8.0
[2025-09-12T17:53:06.756+0000] {subprocess.py:93} INFO - [0m17:53:06  Found 5 models, 5 sources, 453 macros
[2025-09-12T17:53:06.761+0000] {subprocess.py:93} INFO - [0m17:53:06
[2025-09-12T17:53:06.762+0000] {subprocess.py:93} INFO - [0m17:53:06  Concurrency: 4 threads (target='dev')
[2025-09-12T17:53:06.764+0000] {subprocess.py:93} INFO - [0m17:53:06
[2025-09-12T17:53:10.447+0000] {subprocess.py:93} INFO - [0m17:53:10  1 of 5 START sql view model RAW_STAGING.stg_countries .......................... [RUN]
[2025-09-12T17:53:10.464+0000] {subprocess.py:93} INFO - [0m17:53:10  2 of 5 START sql view model RAW_STAGING.stg_customers .......................... [RUN]
[2025-09-12T17:53:10.475+0000] {subprocess.py:93} INFO - [0m17:53:10  3 of 5 START sql view model RAW_STAGING.stg_products ........................... [RUN]
[2025-09-12T17:53:10.487+0000] {subprocess.py:93} INFO - [0m17:53:10  4 of 5 START sql view model RAW_STAGING.stg_sales_order_items .................. [RUN]
[2025-09-12T17:53:12.824+0000] {subprocess.py:93} INFO - [0m17:53:12  1 of 5 OK created sql view model RAW_STAGING.stg_countries ..................... [[32mSUCCESS 1[0m in 2.34s]
[2025-09-12T17:53:12.832+0000] {subprocess.py:93} INFO - [0m17:53:12  5 of 5 START sql view model RAW_STAGING.stg_sales_orders ....................... [RUN]
[2025-09-12T17:53:13.048+0000] {subprocess.py:93} INFO - [0m17:53:13  3 of 5 OK created sql view model RAW_STAGING.stg_products ...................... [[32mSUCCESS 1[0m in 2.54s]
[2025-09-12T17:53:13.057+0000] {subprocess.py:93} INFO - [0m17:53:13  4 of 5 OK created sql view model RAW_STAGING.stg_sales_order_items ............. [[32mSUCCESS 1[0m in 2.55s]
[2025-09-12T17:53:13.145+0000] {subprocess.py:93} INFO - [0m17:53:13  2 of 5 OK created sql view model RAW_STAGING.stg_customers ..................... [[32mSUCCESS 1[0m in 2.65s]
[2025-09-12T17:53:14.440+0000] {subprocess.py:93} INFO - [0m17:53:14  5 of 5 OK created sql view model RAW_STAGING.stg_sales_orders .................. [[32mSUCCESS 1[0m in 1.60s]
[2025-09-12T17:53:14.453+0000] {subprocess.py:93} INFO - [0m17:53:14
[2025-09-12T17:53:14.455+0000] {subprocess.py:93} INFO - [0m17:53:14  Finished running 5 view models in 0 hours 0 minutes and 7.69 seconds (7.69s).
[2025-09-12T17:53:14.628+0000] {subprocess.py:93} INFO - [0m17:53:14
[2025-09-12T17:53:14.632+0000] {subprocess.py:93} INFO - [0m17:53:14  [32mCompleted successfully[0m
[2025-09-12T17:53:14.646+0000] {subprocess.py:93} INFO - [0m17:53:14
[2025-09-12T17:53:14.650+0000] {subprocess.py:93} INFO - [0m17:53:14  Done. PASS=5 WARN=0 ERROR=0 SKIP=0 TOTAL=5
[2025-09-12T17:53:15.414+0000] {subprocess.py:97} INFO - Command exited with return code 0
[2025-09-12T17:53:15.455+0000] {taskinstance.py:1138} INFO - Marking task as SUCCESS. dag_id=sap_elt_pipeline, task_id=run_dbt_models, execution_date=20250912T175201, start_date=20250912T175258, end_date=20250912T175315
[2025-09-12T17:53:15.514+0000] {local_task_job_runner.py:234} INFO - Task exited with return code 0
[2025-09-12T17:53:15.548+0000] {taskinstance.py:3280} INFO - 1 downstream tasks scheduled from follow-on schedule check
