[2025-09-20T15:15:14.850+0000] {taskinstance.py:1956} INFO - Dependencies all met for dep_context=non-requeueable deps ti=<TaskInstance: sap_elt_pipeline.run_dbt_models manual__2025-09-20T15:13:39.881366+00:00 [queued]>
[2025-09-20T15:15:14.870+0000] {taskinstance.py:1956} INFO - Dependencies all met for dep_context=requeueable deps ti=<TaskInstance: sap_elt_pipeline.run_dbt_models manual__2025-09-20T15:13:39.881366+00:00 [queued]>
[2025-09-20T15:15:14.871+0000] {taskinstance.py:2170} INFO - Starting attempt 1 of 1
[2025-09-20T15:15:14.925+0000] {taskinstance.py:2191} INFO - Executing <Task(BashOperator): run_dbt_models> on 2025-09-20 15:13:39.881366+00:00
[2025-09-20T15:15:14.938+0000] {standard_task_runner.py:60} INFO - Started process 3093 to run task
[2025-09-20T15:15:14.949+0000] {standard_task_runner.py:87} INFO - Running: ['***', 'tasks', 'run', 'sap_elt_pipeline', 'run_dbt_models', 'manual__2025-09-20T15:13:39.881366+00:00', '--job-id', '65', '--raw', '--subdir', 'DAGS_FOLDER/sap_etl_pipeline.py', '--cfg-path', '/tmp/tmp1d6e5fe1']
[2025-09-20T15:15:14.957+0000] {standard_task_runner.py:88} INFO - Job 65: Subtask run_dbt_models
[2025-09-20T15:15:15.094+0000] {task_command.py:423} INFO - Running <TaskInstance: sap_elt_pipeline.run_dbt_models manual__2025-09-20T15:13:39.881366+00:00 [running]> on host ca9121c9acbc
[2025-09-20T15:15:15.324+0000] {taskinstance.py:2480} INFO - Exporting env vars: AIRFLOW_CTX_DAG_OWNER='***' AIRFLOW_CTX_DAG_ID='sap_elt_pipeline' AIRFLOW_CTX_TASK_ID='run_dbt_models' AIRFLOW_CTX_EXECUTION_DATE='2025-09-20T15:13:39.881366+00:00' AIRFLOW_CTX_TRY_NUMBER='1' AIRFLOW_CTX_DAG_RUN_ID='manual__2025-09-20T15:13:39.881366+00:00'
[2025-09-20T15:15:15.331+0000] {subprocess.py:63} INFO - Tmp dir root location: /tmp
[2025-09-20T15:15:15.335+0000] {subprocess.py:75} INFO - Running command: ['/usr/bin/bash', '-c', 'dbt run --project-dir /opt/***/dbt --profiles-dir /opt/***/dbt']
[2025-09-20T15:15:15.364+0000] {subprocess.py:86} INFO - Output:
[2025-09-20T15:15:20.979+0000] {subprocess.py:93} INFO - [0m15:15:20  Running with dbt=1.9.0-b2
[2025-09-20T15:15:20.983+0000] {subprocess.py:93} INFO - [0m15:15:20  [[33mWARNING[0m]: Deprecated functionality
[2025-09-20T15:15:20.984+0000] {subprocess.py:93} INFO - 
[2025-09-20T15:15:20.985+0000] {subprocess.py:93} INFO - User config should be moved from the 'config' key in profiles.yml to the 'flags' key in dbt_project.yml.
[2025-09-20T15:15:24.156+0000] {subprocess.py:93} INFO - [0m15:15:24  Registered adapter: snowflake=1.8.0
[2025-09-20T15:15:26.459+0000] {subprocess.py:93} INFO - [0m15:15:26  Encountered an error:
[2025-09-20T15:15:26.461+0000] {subprocess.py:93} INFO - Compilation Error
[2025-09-20T15:15:26.463+0000] {subprocess.py:93} INFO -   Model 'model.dbt_sap_transformations.stg_customers' (models/staging/stg_customers.sql) depends on a source named 'RAW_STAGING.RAW_KNA1' which was not found
[2025-09-20T15:15:27.025+0000] {subprocess.py:97} INFO - Command exited with return code 2
[2025-09-20T15:15:27.056+0000] {taskinstance.py:2698} ERROR - Task failed with exception
Traceback (most recent call last):
  File "/home/airflow/.local/lib/python3.8/site-packages/airflow/models/taskinstance.py", line 433, in _execute_task
    result = execute_callable(context=context, **execute_callable_kwargs)
  File "/home/airflow/.local/lib/python3.8/site-packages/airflow/operators/bash.py", line 212, in execute
    raise AirflowException(
airflow.exceptions.AirflowException: Bash command failed. The command returned a non-zero exit code 2.
[2025-09-20T15:15:27.065+0000] {taskinstance.py:1138} INFO - Marking task as FAILED. dag_id=sap_elt_pipeline, task_id=run_dbt_models, execution_date=20250920T151339, start_date=20250920T151514, end_date=20250920T151527
[2025-09-20T15:15:27.102+0000] {standard_task_runner.py:107} ERROR - Failed to execute job 65 for task run_dbt_models (Bash command failed. The command returned a non-zero exit code 2.; 3093)
[2025-09-20T15:15:27.132+0000] {local_task_job_runner.py:234} INFO - Task exited with return code 1
[2025-09-20T15:15:27.227+0000] {taskinstance.py:3280} INFO - 0 downstream tasks scheduled from follow-on schedule check
