[2025-09-20T17:02:07.323+0000] {taskinstance.py:1956} INFO - Dependencies all met for dep_context=non-requeueable deps ti=<TaskInstance: sap_elt_pipeline.run_dbt_models manual__2025-09-20T17:00:36.317805+00:00 [queued]>
[2025-09-20T17:02:07.362+0000] {taskinstance.py:1956} INFO - Dependencies all met for dep_context=requeueable deps ti=<TaskInstance: sap_elt_pipeline.run_dbt_models manual__2025-09-20T17:00:36.317805+00:00 [queued]>
[2025-09-20T17:02:07.364+0000] {taskinstance.py:2170} INFO - Starting attempt 1 of 1
[2025-09-20T17:02:07.430+0000] {taskinstance.py:2191} INFO - Executing <Task(BashOperator): run_dbt_models> on 2025-09-20 17:00:36.317805+00:00
[2025-09-20T17:02:07.452+0000] {standard_task_runner.py:60} INFO - Started process 8396 to run task
[2025-09-20T17:02:07.471+0000] {standard_task_runner.py:87} INFO - Running: ['***', 'tasks', 'run', 'sap_elt_pipeline', 'run_dbt_models', 'manual__2025-09-20T17:00:36.317805+00:00', '--job-id', '97', '--raw', '--subdir', 'DAGS_FOLDER/sap_etl_pipeline.py', '--cfg-path', '/tmp/tmpnv5tx7qz']
[2025-09-20T17:02:07.485+0000] {standard_task_runner.py:88} INFO - Job 97: Subtask run_dbt_models
[2025-09-20T17:02:07.770+0000] {task_command.py:423} INFO - Running <TaskInstance: sap_elt_pipeline.run_dbt_models manual__2025-09-20T17:00:36.317805+00:00 [running]> on host ca9121c9acbc
[2025-09-20T17:02:08.056+0000] {taskinstance.py:2480} INFO - Exporting env vars: AIRFLOW_CTX_DAG_OWNER='***' AIRFLOW_CTX_DAG_ID='sap_elt_pipeline' AIRFLOW_CTX_TASK_ID='run_dbt_models' AIRFLOW_CTX_EXECUTION_DATE='2025-09-20T17:00:36.317805+00:00' AIRFLOW_CTX_TRY_NUMBER='1' AIRFLOW_CTX_DAG_RUN_ID='manual__2025-09-20T17:00:36.317805+00:00'
[2025-09-20T17:02:08.059+0000] {subprocess.py:63} INFO - Tmp dir root location: /tmp
[2025-09-20T17:02:08.063+0000] {subprocess.py:75} INFO - Running command: ['/usr/bin/bash', '-c', 'dbt run --project-dir /opt/***/dbt --profiles-dir /opt/***/dbt']
[2025-09-20T17:02:08.097+0000] {subprocess.py:86} INFO - Output:
[2025-09-20T17:02:14.035+0000] {subprocess.py:93} INFO - [0m17:02:14  Running with dbt=1.9.0-b2
[2025-09-20T17:02:14.051+0000] {subprocess.py:93} INFO - [0m17:02:14  [[33mWARNING[0m]: Deprecated functionality
[2025-09-20T17:02:14.052+0000] {subprocess.py:93} INFO - 
[2025-09-20T17:02:14.053+0000] {subprocess.py:93} INFO - User config should be moved from the 'config' key in profiles.yml to the 'flags' key in dbt_project.yml.
[2025-09-20T17:02:17.464+0000] {subprocess.py:93} INFO - [0m17:02:17  Registered adapter: snowflake=1.8.0
[2025-09-20T17:02:18.110+0000] {subprocess.py:93} INFO - [0m17:02:18  Unable to do partial parsing because profile has changed
[2025-09-20T17:02:18.113+0000] {subprocess.py:93} INFO - [0m17:02:18  Unable to do partial parsing because a project config has changed
[2025-09-20T17:02:26.819+0000] {subprocess.py:93} INFO - [0m17:02:26  Found 5 models, 5 sources, 453 macros
[2025-09-20T17:02:26.829+0000] {subprocess.py:93} INFO - [0m17:02:26
[2025-09-20T17:02:26.834+0000] {subprocess.py:93} INFO - [0m17:02:26  Concurrency: 4 threads (target='dev')
[2025-09-20T17:02:26.837+0000] {subprocess.py:93} INFO - [0m17:02:26
[2025-09-20T17:02:31.723+0000] {subprocess.py:93} INFO - [0m17:02:31  1 of 5 START sql view model ANALYTICS.stg_countries ............................ [RUN]
[2025-09-20T17:02:31.733+0000] {subprocess.py:93} INFO - [0m17:02:31  2 of 5 START sql view model ANALYTICS.stg_customers ............................ [RUN]
[2025-09-20T17:02:31.739+0000] {subprocess.py:93} INFO - [0m17:02:31  3 of 5 START sql view model ANALYTICS.stg_products ............................. [RUN]
[2025-09-20T17:02:31.747+0000] {subprocess.py:93} INFO - [0m17:02:31  4 of 5 START sql view model ANALYTICS.stg_sales_order_items .................... [RUN]
[2025-09-20T17:02:36.228+0000] {subprocess.py:93} INFO - [0m17:02:36  2 of 5 OK created sql view model ANALYTICS.stg_customers ....................... [[32mSUCCESS 1[0m in 4.46s]
[2025-09-20T17:02:36.234+0000] {subprocess.py:93} INFO - [0m17:02:36  1 of 5 OK created sql view model ANALYTICS.stg_countries ....................... [[32mSUCCESS 1[0m in 4.44s]
[2025-09-20T17:02:36.295+0000] {subprocess.py:93} INFO - [0m17:02:36  5 of 5 START sql view model ANALYTICS.stg_sales_orders ......................... [RUN]
[2025-09-20T17:02:36.305+0000] {subprocess.py:93} INFO - [0m17:02:36  3 of 5 OK created sql view model ANALYTICS.stg_products ........................ [[32mSUCCESS 1[0m in 4.52s]
[2025-09-20T17:02:36.324+0000] {subprocess.py:93} INFO - [0m17:02:36  4 of 5 OK created sql view model ANALYTICS.stg_sales_order_items ............... [[32mSUCCESS 1[0m in 4.52s]
[2025-09-20T17:02:39.641+0000] {subprocess.py:93} INFO - [0m17:02:39  5 of 5 OK created sql view model ANALYTICS.stg_sales_orders .................... [[32mSUCCESS 1[0m in 3.32s]
[2025-09-20T17:02:39.685+0000] {subprocess.py:93} INFO - [0m17:02:39
[2025-09-20T17:02:39.689+0000] {subprocess.py:93} INFO - [0m17:02:39  Finished running 5 view models in 0 hours 0 minutes and 12.84 seconds (12.84s).
[2025-09-20T17:02:39.981+0000] {subprocess.py:93} INFO - [0m17:02:39
[2025-09-20T17:02:39.984+0000] {subprocess.py:93} INFO - [0m17:02:39  [32mCompleted successfully[0m
[2025-09-20T17:02:39.987+0000] {subprocess.py:93} INFO - [0m17:02:39
[2025-09-20T17:02:39.990+0000] {subprocess.py:93} INFO - [0m17:02:39  Done. PASS=5 WARN=0 ERROR=0 SKIP=0 TOTAL=5
[2025-09-20T17:02:40.677+0000] {subprocess.py:97} INFO - Command exited with return code 0
[2025-09-20T17:02:40.785+0000] {taskinstance.py:1138} INFO - Marking task as SUCCESS. dag_id=sap_elt_pipeline, task_id=run_dbt_models, execution_date=20250920T170036, start_date=20250920T170207, end_date=20250920T170240
[2025-09-20T17:02:40.886+0000] {local_task_job_runner.py:234} INFO - Task exited with return code 0
[2025-09-20T17:02:40.931+0000] {taskinstance.py:3280} INFO - 1 downstream tasks scheduled from follow-on schedule check
