[2025-09-01T16:55:09.560+0000] {taskinstance.py:1956} INFO - Dependencies all met for dep_context=non-requeueable deps ti=<TaskInstance: sap_elt_pipeline.run_dbt_models manual__2025-09-01T16:54:43.446125+00:00 [queued]>
[2025-09-01T16:55:09.571+0000] {taskinstance.py:1956} INFO - Dependencies all met for dep_context=requeueable deps ti=<TaskInstance: sap_elt_pipeline.run_dbt_models manual__2025-09-01T16:54:43.446125+00:00 [queued]>
[2025-09-01T16:55:09.571+0000] {taskinstance.py:2170} INFO - Starting attempt 1 of 1
[2025-09-01T16:55:09.589+0000] {taskinstance.py:2191} INFO - Executing <Task(BashOperator): run_dbt_models> on 2025-09-01 16:54:43.446125+00:00
[2025-09-01T16:55:09.594+0000] {standard_task_runner.py:60} INFO - Started process 2193 to run task
[2025-09-01T16:55:09.598+0000] {standard_task_runner.py:87} INFO - Running: ['***', 'tasks', 'run', 'sap_elt_pipeline', 'run_dbt_models', 'manual__2025-09-01T16:54:43.446125+00:00', '--job-id', '21', '--raw', '--subdir', 'DAGS_FOLDER/sap_etl_pipeline.py', '--cfg-path', '/tmp/tmp0_18r7ko']
[2025-09-01T16:55:09.601+0000] {standard_task_runner.py:88} INFO - Job 21: Subtask run_dbt_models
[2025-09-01T16:55:09.653+0000] {task_command.py:423} INFO - Running <TaskInstance: sap_elt_pipeline.run_dbt_models manual__2025-09-01T16:54:43.446125+00:00 [running]> on host 3c0baf121e58
[2025-09-01T16:55:09.754+0000] {taskinstance.py:2480} INFO - Exporting env vars: AIRFLOW_CTX_DAG_OWNER='***' AIRFLOW_CTX_DAG_ID='sap_elt_pipeline' AIRFLOW_CTX_TASK_ID='run_dbt_models' AIRFLOW_CTX_EXECUTION_DATE='2025-09-01T16:54:43.446125+00:00' AIRFLOW_CTX_TRY_NUMBER='1' AIRFLOW_CTX_DAG_RUN_ID='manual__2025-09-01T16:54:43.446125+00:00'
[2025-09-01T16:55:09.756+0000] {subprocess.py:63} INFO - Tmp dir root location: /tmp
[2025-09-01T16:55:09.757+0000] {subprocess.py:75} INFO - Running command: ['/usr/bin/bash', '-c', 'dbt run --project-dir /opt/***/dbt --profiles-dir /opt/***/dbt']
[2025-09-01T16:55:09.767+0000] {subprocess.py:86} INFO - Output:
[2025-09-01T16:55:11.766+0000] {subprocess.py:93} INFO - [0m16:55:11  Running with dbt=1.9.0-b2
[2025-09-01T16:55:11.769+0000] {subprocess.py:93} INFO - [0m16:55:11  [[33mWARNING[0m]: Deprecated functionality
[2025-09-01T16:55:11.770+0000] {subprocess.py:93} INFO - 
[2025-09-01T16:55:11.771+0000] {subprocess.py:93} INFO - User config should be moved from the 'config' key in profiles.yml to the 'flags' key in dbt_project.yml.
[2025-09-01T16:55:13.713+0000] {subprocess.py:93} INFO - [0m16:55:13  Registered adapter: snowflake=1.8.0
[2025-09-01T16:55:13.755+0000] {subprocess.py:93} INFO - [0m16:55:13  Unable to do partial parsing because saved manifest not found. Starting full parse.
[2025-09-01T16:55:16.101+0000] {subprocess.py:93} INFO - [0m16:55:16  Found 453 macros
[2025-09-01T16:55:16.103+0000] {subprocess.py:93} INFO - [0m16:55:16  Nothing to do. Try checking your model configs and model specification args
[2025-09-01T16:55:16.553+0000] {subprocess.py:97} INFO - Command exited with return code 0
[2025-09-01T16:55:16.583+0000] {taskinstance.py:1138} INFO - Marking task as SUCCESS. dag_id=sap_elt_pipeline, task_id=run_dbt_models, execution_date=20250901T165443, start_date=20250901T165509, end_date=20250901T165516
[2025-09-01T16:55:16.618+0000] {local_task_job_runner.py:234} INFO - Task exited with return code 0
[2025-09-01T16:55:16.651+0000] {taskinstance.py:3280} INFO - 1 downstream tasks scheduled from follow-on schedule check
