[2025-09-20T15:24:29.771+0000] {taskinstance.py:1956} INFO - Dependencies all met for dep_context=non-requeueable deps ti=<TaskInstance: sap_elt_pipeline.run_dbt_models manual__2025-09-20T15:22:57.214934+00:00 [queued]>
[2025-09-20T15:24:29.801+0000] {taskinstance.py:1956} INFO - Dependencies all met for dep_context=requeueable deps ti=<TaskInstance: sap_elt_pipeline.run_dbt_models manual__2025-09-20T15:22:57.214934+00:00 [queued]>
[2025-09-20T15:24:29.805+0000] {taskinstance.py:2170} INFO - Starting attempt 1 of 1
[2025-09-20T15:24:29.856+0000] {taskinstance.py:2191} INFO - Executing <Task(BashOperator): run_dbt_models> on 2025-09-20 15:22:57.214934+00:00
[2025-09-20T15:24:29.867+0000] {standard_task_runner.py:60} INFO - Started process 3563 to run task
[2025-09-20T15:24:29.875+0000] {standard_task_runner.py:87} INFO - Running: ['***', 'tasks', 'run', 'sap_elt_pipeline', 'run_dbt_models', 'manual__2025-09-20T15:22:57.214934+00:00', '--job-id', '68', '--raw', '--subdir', 'DAGS_FOLDER/sap_etl_pipeline.py', '--cfg-path', '/tmp/tmpk77_22qs']
[2025-09-20T15:24:29.881+0000] {standard_task_runner.py:88} INFO - Job 68: Subtask run_dbt_models
[2025-09-20T15:24:29.986+0000] {task_command.py:423} INFO - Running <TaskInstance: sap_elt_pipeline.run_dbt_models manual__2025-09-20T15:22:57.214934+00:00 [running]> on host ca9121c9acbc
[2025-09-20T15:24:30.230+0000] {taskinstance.py:2480} INFO - Exporting env vars: AIRFLOW_CTX_DAG_OWNER='***' AIRFLOW_CTX_DAG_ID='sap_elt_pipeline' AIRFLOW_CTX_TASK_ID='run_dbt_models' AIRFLOW_CTX_EXECUTION_DATE='2025-09-20T15:22:57.214934+00:00' AIRFLOW_CTX_TRY_NUMBER='1' AIRFLOW_CTX_DAG_RUN_ID='manual__2025-09-20T15:22:57.214934+00:00'
[2025-09-20T15:24:30.234+0000] {subprocess.py:63} INFO - Tmp dir root location: /tmp
[2025-09-20T15:24:30.239+0000] {subprocess.py:75} INFO - Running command: ['/usr/bin/bash', '-c', 'dbt run --project-dir /opt/***/dbt --profiles-dir /opt/***/dbt']
[2025-09-20T15:24:30.264+0000] {subprocess.py:86} INFO - Output:
[2025-09-20T15:24:35.005+0000] {subprocess.py:93} INFO - [0m15:24:35  Running with dbt=1.9.0-b2
[2025-09-20T15:24:35.009+0000] {subprocess.py:93} INFO - [0m15:24:35  [[33mWARNING[0m]: Deprecated functionality
[2025-09-20T15:24:35.010+0000] {subprocess.py:93} INFO - 
[2025-09-20T15:24:35.011+0000] {subprocess.py:93} INFO - User config should be moved from the 'config' key in profiles.yml to the 'flags' key in dbt_project.yml.
[2025-09-20T15:24:39.174+0000] {subprocess.py:93} INFO - [0m15:24:39  Registered adapter: snowflake=1.8.0
[2025-09-20T15:24:44.203+0000] {subprocess.py:93} INFO - [0m15:24:44  Encountered an error:
[2025-09-20T15:24:44.205+0000] {subprocess.py:93} INFO - Compilation Error
[2025-09-20T15:24:44.207+0000] {subprocess.py:93} INFO -   Model 'model.dbt_sap_transformations.stg_customers' (models/staging/stg_customers.sql) depends on a source named 'RAW_STAGING.RAW_KNA1' which was not found
[2025-09-20T15:24:45.120+0000] {subprocess.py:97} INFO - Command exited with return code 2
[2025-09-20T15:24:45.155+0000] {taskinstance.py:2698} ERROR - Task failed with exception
Traceback (most recent call last):
  File "/home/airflow/.local/lib/python3.8/site-packages/airflow/models/taskinstance.py", line 433, in _execute_task
    result = execute_callable(context=context, **execute_callable_kwargs)
  File "/home/airflow/.local/lib/python3.8/site-packages/airflow/operators/bash.py", line 212, in execute
    raise AirflowException(
airflow.exceptions.AirflowException: Bash command failed. The command returned a non-zero exit code 2.
[2025-09-20T15:24:45.166+0000] {taskinstance.py:1138} INFO - Marking task as FAILED. dag_id=sap_elt_pipeline, task_id=run_dbt_models, execution_date=20250920T152257, start_date=20250920T152429, end_date=20250920T152445
[2025-09-20T15:24:45.216+0000] {standard_task_runner.py:107} ERROR - Failed to execute job 68 for task run_dbt_models (Bash command failed. The command returned a non-zero exit code 2.; 3563)
[2025-09-20T15:24:45.249+0000] {local_task_job_runner.py:234} INFO - Task exited with return code 1
[2025-09-20T15:24:45.344+0000] {taskinstance.py:3280} INFO - 0 downstream tasks scheduled from follow-on schedule check
