[2025-09-20T16:19:46.477+0000] {taskinstance.py:1956} INFO - Dependencies all met for dep_context=non-requeueable deps ti=<TaskInstance: sap_elt_pipeline.run_dbt_models manual__2025-09-20T16:18:14.498663+00:00 [queued]>
[2025-09-20T16:19:46.515+0000] {taskinstance.py:1956} INFO - Dependencies all met for dep_context=requeueable deps ti=<TaskInstance: sap_elt_pipeline.run_dbt_models manual__2025-09-20T16:18:14.498663+00:00 [queued]>
[2025-09-20T16:19:46.518+0000] {taskinstance.py:2170} INFO - Starting attempt 1 of 1
[2025-09-20T16:19:46.565+0000] {taskinstance.py:2191} INFO - Executing <Task(BashOperator): run_dbt_models> on 2025-09-20 16:18:14.498663+00:00
[2025-09-20T16:19:46.576+0000] {standard_task_runner.py:60} INFO - Started process 6329 to run task
[2025-09-20T16:19:46.584+0000] {standard_task_runner.py:87} INFO - Running: ['***', 'tasks', 'run', 'sap_elt_pipeline', 'run_dbt_models', 'manual__2025-09-20T16:18:14.498663+00:00', '--job-id', '89', '--raw', '--subdir', 'DAGS_FOLDER/sap_etl_pipeline.py', '--cfg-path', '/tmp/tmpzeft0gel']
[2025-09-20T16:19:46.591+0000] {standard_task_runner.py:88} INFO - Job 89: Subtask run_dbt_models
[2025-09-20T16:19:46.741+0000] {task_command.py:423} INFO - Running <TaskInstance: sap_elt_pipeline.run_dbt_models manual__2025-09-20T16:18:14.498663+00:00 [running]> on host ca9121c9acbc
[2025-09-20T16:19:47.088+0000] {taskinstance.py:2480} INFO - Exporting env vars: AIRFLOW_CTX_DAG_OWNER='***' AIRFLOW_CTX_DAG_ID='sap_elt_pipeline' AIRFLOW_CTX_TASK_ID='run_dbt_models' AIRFLOW_CTX_EXECUTION_DATE='2025-09-20T16:18:14.498663+00:00' AIRFLOW_CTX_TRY_NUMBER='1' AIRFLOW_CTX_DAG_RUN_ID='manual__2025-09-20T16:18:14.498663+00:00'
[2025-09-20T16:19:47.093+0000] {subprocess.py:63} INFO - Tmp dir root location: /tmp
[2025-09-20T16:19:47.098+0000] {subprocess.py:75} INFO - Running command: ['/usr/bin/bash', '-c', 'dbt run --project-dir /opt/***/dbt --profiles-dir /opt/***/dbt']
[2025-09-20T16:19:47.129+0000] {subprocess.py:86} INFO - Output:
[2025-09-20T16:19:54.749+0000] {subprocess.py:93} INFO - [0m16:19:54  Running with dbt=1.9.0-b2
[2025-09-20T16:19:54.770+0000] {subprocess.py:93} INFO - [0m16:19:54  [[33mWARNING[0m]: Deprecated functionality
[2025-09-20T16:19:54.772+0000] {subprocess.py:93} INFO - 
[2025-09-20T16:19:54.773+0000] {subprocess.py:93} INFO - User config should be moved from the 'config' key in profiles.yml to the 'flags' key in dbt_project.yml.
[2025-09-20T16:19:59.395+0000] {subprocess.py:93} INFO - [0m16:19:59  Registered adapter: snowflake=1.8.0
[2025-09-20T16:20:02.175+0000] {subprocess.py:93} INFO - [0m16:20:02  Found 5 models, 5 sources, 453 macros
[2025-09-20T16:20:02.190+0000] {subprocess.py:93} INFO - [0m16:20:02
[2025-09-20T16:20:02.193+0000] {subprocess.py:93} INFO - [0m16:20:02  Concurrency: 4 threads (target='dev')
[2025-09-20T16:20:02.196+0000] {subprocess.py:93} INFO - [0m16:20:02
[2025-09-20T16:20:10.247+0000] {subprocess.py:93} INFO - [0m16:20:10  1 of 5 START sql view model RAW_STAGING_ANALYTICS.stg_countries ................ [RUN]
[2025-09-20T16:20:10.253+0000] {subprocess.py:93} INFO - [0m16:20:10  2 of 5 START sql view model RAW_STAGING_ANALYTICS.stg_customers ................ [RUN]
[2025-09-20T16:20:10.259+0000] {subprocess.py:93} INFO - [0m16:20:10  3 of 5 START sql view model RAW_STAGING_ANALYTICS.stg_products ................. [RUN]
[2025-09-20T16:20:10.266+0000] {subprocess.py:93} INFO - [0m16:20:10  4 of 5 START sql view model RAW_STAGING_ANALYTICS.stg_sales_order_items ........ [RUN]
[2025-09-20T16:20:14.455+0000] {subprocess.py:93} INFO - [0m16:20:14  2 of 5 OK created sql view model RAW_STAGING_ANALYTICS.stg_customers ........... [[32mSUCCESS 1[0m in 4.13s]
[2025-09-20T16:20:14.508+0000] {subprocess.py:93} INFO - [0m16:20:14  4 of 5 OK created sql view model RAW_STAGING_ANALYTICS.stg_sales_order_items ... [[32mSUCCESS 1[0m in 4.13s]
[2025-09-20T16:20:14.565+0000] {subprocess.py:93} INFO - [0m16:20:14  3 of 5 OK created sql view model RAW_STAGING_ANALYTICS.stg_products ............ [[32mSUCCESS 1[0m in 4.25s]
[2025-09-20T16:20:14.581+0000] {subprocess.py:93} INFO - [0m16:20:14  1 of 5 OK created sql view model RAW_STAGING_ANALYTICS.stg_countries ........... [[32mSUCCESS 1[0m in 4.27s]
[2025-09-20T16:20:14.593+0000] {subprocess.py:93} INFO - [0m16:20:14  5 of 5 START sql view model RAW_STAGING_ANALYTICS.stg_sales_orders ............. [RUN]
[2025-09-20T16:20:16.908+0000] {subprocess.py:93} INFO - [0m16:20:16  5 of 5 OK created sql view model RAW_STAGING_ANALYTICS.stg_sales_orders ........ [[32mSUCCESS 1[0m in 2.30s]
[2025-09-20T16:20:16.949+0000] {subprocess.py:93} INFO - [0m16:20:16
[2025-09-20T16:20:16.954+0000] {subprocess.py:93} INFO - [0m16:20:16  Finished running 5 view models in 0 hours 0 minutes and 14.75 seconds (14.75s).
[2025-09-20T16:20:17.225+0000] {subprocess.py:93} INFO - [0m16:20:17
[2025-09-20T16:20:17.229+0000] {subprocess.py:93} INFO - [0m16:20:17  [32mCompleted successfully[0m
[2025-09-20T16:20:17.230+0000] {subprocess.py:93} INFO - [0m16:20:17
[2025-09-20T16:20:17.232+0000] {subprocess.py:93} INFO - [0m16:20:17  Done. PASS=5 WARN=0 ERROR=0 SKIP=0 TOTAL=5
[2025-09-20T16:20:17.974+0000] {subprocess.py:97} INFO - Command exited with return code 0
[2025-09-20T16:20:18.057+0000] {taskinstance.py:1138} INFO - Marking task as SUCCESS. dag_id=sap_elt_pipeline, task_id=run_dbt_models, execution_date=20250920T161814, start_date=20250920T161946, end_date=20250920T162018
[2025-09-20T16:20:18.102+0000] {local_task_job_runner.py:234} INFO - Task exited with return code 0
[2025-09-20T16:20:18.183+0000] {taskinstance.py:3280} INFO - 1 downstream tasks scheduled from follow-on schedule check
