[2025-09-20T16:52:17.513+0000] {taskinstance.py:1956} INFO - Dependencies all met for dep_context=non-requeueable deps ti=<TaskInstance: sap_elt_pipeline.run_dbt_models manual__2025-09-20T16:50:50.984788+00:00 [queued]>
[2025-09-20T16:52:17.555+0000] {taskinstance.py:1956} INFO - Dependencies all met for dep_context=requeueable deps ti=<TaskInstance: sap_elt_pipeline.run_dbt_models manual__2025-09-20T16:50:50.984788+00:00 [queued]>
[2025-09-20T16:52:17.558+0000] {taskinstance.py:2170} INFO - Starting attempt 1 of 1
[2025-09-20T16:52:17.646+0000] {taskinstance.py:2191} INFO - Executing <Task(BashOperator): run_dbt_models> on 2025-09-20 16:50:50.984788+00:00
[2025-09-20T16:52:17.669+0000] {standard_task_runner.py:60} INFO - Started process 7885 to run task
[2025-09-20T16:52:17.685+0000] {standard_task_runner.py:87} INFO - Running: ['***', 'tasks', 'run', 'sap_elt_pipeline', 'run_dbt_models', 'manual__2025-09-20T16:50:50.984788+00:00', '--job-id', '93', '--raw', '--subdir', 'DAGS_FOLDER/sap_etl_pipeline.py', '--cfg-path', '/tmp/tmpz91fu7ij']
[2025-09-20T16:52:17.698+0000] {standard_task_runner.py:88} INFO - Job 93: Subtask run_dbt_models
[2025-09-20T16:52:17.910+0000] {task_command.py:423} INFO - Running <TaskInstance: sap_elt_pipeline.run_dbt_models manual__2025-09-20T16:50:50.984788+00:00 [running]> on host ca9121c9acbc
[2025-09-20T16:52:18.332+0000] {taskinstance.py:2480} INFO - Exporting env vars: AIRFLOW_CTX_DAG_OWNER='***' AIRFLOW_CTX_DAG_ID='sap_elt_pipeline' AIRFLOW_CTX_TASK_ID='run_dbt_models' AIRFLOW_CTX_EXECUTION_DATE='2025-09-20T16:50:50.984788+00:00' AIRFLOW_CTX_TRY_NUMBER='1' AIRFLOW_CTX_DAG_RUN_ID='manual__2025-09-20T16:50:50.984788+00:00'
[2025-09-20T16:52:18.341+0000] {subprocess.py:63} INFO - Tmp dir root location: /tmp
[2025-09-20T16:52:18.362+0000] {subprocess.py:75} INFO - Running command: ['/usr/bin/bash', '-c', 'dbt run --project-dir /opt/***/dbt --profiles-dir /opt/***/dbt']
[2025-09-20T16:52:18.407+0000] {subprocess.py:86} INFO - Output:
[2025-09-20T16:52:26.966+0000] {subprocess.py:93} INFO - [0m16:52:26  Running with dbt=1.9.0-b2
[2025-09-20T16:52:26.972+0000] {subprocess.py:93} INFO - [0m16:52:26  [[33mWARNING[0m]: Deprecated functionality
[2025-09-20T16:52:26.973+0000] {subprocess.py:93} INFO - 
[2025-09-20T16:52:26.974+0000] {subprocess.py:93} INFO - User config should be moved from the 'config' key in profiles.yml to the 'flags' key in dbt_project.yml.
[2025-09-20T16:52:31.177+0000] {subprocess.py:93} INFO - [0m16:52:31  Registered adapter: snowflake=1.8.0
[2025-09-20T16:52:31.702+0000] {subprocess.py:93} INFO - [0m16:52:31  Unable to do partial parsing because profile has changed
[2025-09-20T16:52:31.704+0000] {subprocess.py:93} INFO - [0m16:52:31  Unable to do partial parsing because a project config has changed
[2025-09-20T16:52:42.053+0000] {subprocess.py:93} INFO - [0m16:52:42  Found 5 models, 5 sources, 453 macros
[2025-09-20T16:52:42.061+0000] {subprocess.py:93} INFO - [0m16:52:42
[2025-09-20T16:52:42.063+0000] {subprocess.py:93} INFO - [0m16:52:42  Concurrency: 4 threads (target='dev')
[2025-09-20T16:52:42.066+0000] {subprocess.py:93} INFO - [0m16:52:42
[2025-09-20T16:52:49.989+0000] {subprocess.py:93} INFO - [0m16:52:49  1 of 5 START sql view model dbt_amine_ANALYTICS.stg_countries .................. [RUN]
[2025-09-20T16:52:49.994+0000] {subprocess.py:93} INFO - [0m16:52:49  2 of 5 START sql view model dbt_amine_ANALYTICS.stg_customers .................. [RUN]
[2025-09-20T16:52:50.000+0000] {subprocess.py:93} INFO - [0m16:52:49  3 of 5 START sql view model dbt_amine_ANALYTICS.stg_products ................... [RUN]
[2025-09-20T16:52:50.007+0000] {subprocess.py:93} INFO - [0m16:52:50  4 of 5 START sql view model dbt_amine_ANALYTICS.stg_sales_order_items .......... [RUN]
[2025-09-20T16:52:53.825+0000] {subprocess.py:93} INFO - [0m16:52:53  2 of 5 OK created sql view model dbt_amine_ANALYTICS.stg_customers ............. [[32mSUCCESS 1[0m in 3.80s]
[2025-09-20T16:52:53.830+0000] {subprocess.py:93} INFO - [0m16:52:53  1 of 5 OK created sql view model dbt_amine_ANALYTICS.stg_countries ............. [[32mSUCCESS 1[0m in 3.80s]
[2025-09-20T16:52:53.837+0000] {subprocess.py:93} INFO - [0m16:52:53  3 of 5 OK created sql view model dbt_amine_ANALYTICS.stg_products .............. [[32mSUCCESS 1[0m in 3.81s]
[2025-09-20T16:52:53.840+0000] {subprocess.py:93} INFO - [0m16:52:53  4 of 5 OK created sql view model dbt_amine_ANALYTICS.stg_sales_order_items ..... [[32mSUCCESS 1[0m in 3.79s]
[2025-09-20T16:52:53.853+0000] {subprocess.py:93} INFO - [0m16:52:53  5 of 5 START sql view model dbt_amine_ANALYTICS.stg_sales_orders ............... [RUN]
[2025-09-20T16:52:55.973+0000] {subprocess.py:93} INFO - [0m16:52:55  5 of 5 OK created sql view model dbt_amine_ANALYTICS.stg_sales_orders .......... [[32mSUCCESS 1[0m in 2.11s]
[2025-09-20T16:52:56.031+0000] {subprocess.py:93} INFO - [0m16:52:56
[2025-09-20T16:52:56.035+0000] {subprocess.py:93} INFO - [0m16:52:56  Finished running 5 view models in 0 hours 0 minutes and 13.96 seconds (13.96s).
[2025-09-20T16:52:56.290+0000] {subprocess.py:93} INFO - [0m16:52:56
[2025-09-20T16:52:56.293+0000] {subprocess.py:93} INFO - [0m16:52:56  [32mCompleted successfully[0m
[2025-09-20T16:52:56.296+0000] {subprocess.py:93} INFO - [0m16:52:56
[2025-09-20T16:52:56.299+0000] {subprocess.py:93} INFO - [0m16:52:56  Done. PASS=5 WARN=0 ERROR=0 SKIP=0 TOTAL=5
[2025-09-20T16:52:57.418+0000] {subprocess.py:97} INFO - Command exited with return code 0
[2025-09-20T16:52:57.609+0000] {taskinstance.py:1138} INFO - Marking task as SUCCESS. dag_id=sap_elt_pipeline, task_id=run_dbt_models, execution_date=20250920T165050, start_date=20250920T165217, end_date=20250920T165257
[2025-09-20T16:52:57.742+0000] {local_task_job_runner.py:234} INFO - Task exited with return code 0
[2025-09-20T16:52:57.782+0000] {taskinstance.py:3280} INFO - 1 downstream tasks scheduled from follow-on schedule check
