[2025-09-01T17:13:55.965+0000] {taskinstance.py:1956} INFO - Dependencies all met for dep_context=non-requeueable deps ti=<TaskInstance: sap_elt_pipeline.run_dbt_models manual__2025-09-01T17:13:09.451773+00:00 [queued]>
[2025-09-01T17:13:55.974+0000] {taskinstance.py:1956} INFO - Dependencies all met for dep_context=requeueable deps ti=<TaskInstance: sap_elt_pipeline.run_dbt_models manual__2025-09-01T17:13:09.451773+00:00 [queued]>
[2025-09-01T17:13:55.976+0000] {taskinstance.py:2170} INFO - Starting attempt 1 of 1
[2025-09-01T17:13:56.005+0000] {taskinstance.py:2191} INFO - Executing <Task(BashOperator): run_dbt_models> on 2025-09-01 17:13:09.451773+00:00
[2025-09-01T17:13:56.012+0000] {standard_task_runner.py:60} INFO - Started process 3281 to run task
[2025-09-01T17:13:56.016+0000] {standard_task_runner.py:87} INFO - Running: ['***', 'tasks', 'run', 'sap_elt_pipeline', 'run_dbt_models', 'manual__2025-09-01T17:13:09.451773+00:00', '--job-id', '25', '--raw', '--subdir', 'DAGS_FOLDER/sap_etl_pipeline.py', '--cfg-path', '/tmp/tmpjdmu6vvb']
[2025-09-01T17:13:56.019+0000] {standard_task_runner.py:88} INFO - Job 25: Subtask run_dbt_models
[2025-09-01T17:13:56.071+0000] {task_command.py:423} INFO - Running <TaskInstance: sap_elt_pipeline.run_dbt_models manual__2025-09-01T17:13:09.451773+00:00 [running]> on host 3c0baf121e58
[2025-09-01T17:13:56.202+0000] {taskinstance.py:2480} INFO - Exporting env vars: AIRFLOW_CTX_DAG_OWNER='***' AIRFLOW_CTX_DAG_ID='sap_elt_pipeline' AIRFLOW_CTX_TASK_ID='run_dbt_models' AIRFLOW_CTX_EXECUTION_DATE='2025-09-01T17:13:09.451773+00:00' AIRFLOW_CTX_TRY_NUMBER='1' AIRFLOW_CTX_DAG_RUN_ID='manual__2025-09-01T17:13:09.451773+00:00'
[2025-09-01T17:13:56.204+0000] {subprocess.py:63} INFO - Tmp dir root location: /tmp
[2025-09-01T17:13:56.206+0000] {subprocess.py:75} INFO - Running command: ['/usr/bin/bash', '-c', 'dbt run --project-dir /opt/***/dbt --profiles-dir /opt/***/dbt']
[2025-09-01T17:13:56.217+0000] {subprocess.py:86} INFO - Output:
[2025-09-01T17:13:58.619+0000] {subprocess.py:93} INFO - [0m17:13:58  Running with dbt=1.9.0-b2
[2025-09-01T17:13:58.622+0000] {subprocess.py:93} INFO - [0m17:13:58  [[33mWARNING[0m]: Deprecated functionality
[2025-09-01T17:13:58.623+0000] {subprocess.py:93} INFO - 
[2025-09-01T17:13:58.624+0000] {subprocess.py:93} INFO - User config should be moved from the 'config' key in profiles.yml to the 'flags' key in dbt_project.yml.
[2025-09-01T17:14:00.362+0000] {subprocess.py:93} INFO - [0m17:14:00  Registered adapter: snowflake=1.8.0
[2025-09-01T17:14:00.781+0000] {subprocess.py:93} INFO - [0m17:14:00  Found 453 macros
[2025-09-01T17:14:00.783+0000] {subprocess.py:93} INFO - [0m17:14:00  Nothing to do. Try checking your model configs and model specification args
[2025-09-01T17:14:01.218+0000] {subprocess.py:97} INFO - Command exited with return code 0
[2025-09-01T17:14:01.250+0000] {taskinstance.py:1138} INFO - Marking task as SUCCESS. dag_id=sap_elt_pipeline, task_id=run_dbt_models, execution_date=20250901T171309, start_date=20250901T171355, end_date=20250901T171401
[2025-09-01T17:14:01.301+0000] {local_task_job_runner.py:234} INFO - Task exited with return code 0
[2025-09-01T17:14:01.324+0000] {taskinstance.py:3280} INFO - 1 downstream tasks scheduled from follow-on schedule check
