[2025-09-12T17:52:33.531+0000] {taskinstance.py:1956} INFO - Dependencies all met for dep_context=non-requeueable deps ti=<TaskInstance: sap_elt_pipeline.load_stage_to_raw_tables manual__2025-09-12T17:52:01.443926+00:00 [queued]>
[2025-09-12T17:52:33.542+0000] {taskinstance.py:1956} INFO - Dependencies all met for dep_context=requeueable deps ti=<TaskInstance: sap_elt_pipeline.load_stage_to_raw_tables manual__2025-09-12T17:52:01.443926+00:00 [queued]>
[2025-09-12T17:52:33.542+0000] {taskinstance.py:2170} INFO - Starting attempt 1 of 1
[2025-09-12T17:52:33.558+0000] {taskinstance.py:2191} INFO - Executing <Task(PythonOperator): load_stage_to_raw_tables> on 2025-09-12 17:52:01.443926+00:00
[2025-09-12T17:52:33.564+0000] {standard_task_runner.py:60} INFO - Started process 5082 to run task
[2025-09-12T17:52:33.567+0000] {standard_task_runner.py:87} INFO - Running: ['***', 'tasks', 'run', 'sap_elt_pipeline', 'load_stage_to_raw_tables', 'manual__2025-09-12T17:52:01.443926+00:00', '--job-id', '33', '--raw', '--subdir', 'DAGS_FOLDER/sap_etl_pipeline.py', '--cfg-path', '/tmp/tmpxug0b9gi']
[2025-09-12T17:52:33.570+0000] {standard_task_runner.py:88} INFO - Job 33: Subtask load_stage_to_raw_tables
[2025-09-12T17:52:33.630+0000] {task_command.py:423} INFO - Running <TaskInstance: sap_elt_pipeline.load_stage_to_raw_tables manual__2025-09-12T17:52:01.443926+00:00 [running]> on host f99cf7ca5f05
[2025-09-12T17:52:33.799+0000] {taskinstance.py:2480} INFO - Exporting env vars: AIRFLOW_CTX_DAG_OWNER='***' AIRFLOW_CTX_DAG_ID='sap_elt_pipeline' AIRFLOW_CTX_TASK_ID='load_stage_to_raw_tables' AIRFLOW_CTX_EXECUTION_DATE='2025-09-12T17:52:01.443926+00:00' AIRFLOW_CTX_TRY_NUMBER='1' AIRFLOW_CTX_DAG_RUN_ID='manual__2025-09-12T17:52:01.443926+00:00'
[2025-09-12T17:52:33.801+0000] {sap_etl_pipeline.py:57} INFO - Starting to load data from stage into raw tables...
[2025-09-12T17:52:33.802+0000] {sap_etl_pipeline.py:71} INFO - Executing COPY command for RAW_KNA1 from KNA1.csv.gz...
[2025-09-12T17:52:33.819+0000] {base.py:83} INFO - Using connection ID 'snowflake_default' for task execution.
[2025-09-12T17:52:33.820+0000] {connection.py:370} INFO - Snowflake Connector for Python Version: 3.6.0, Python Version: 3.8.18, Platform: Linux-5.15.167.4-microsoft-standard-WSL2-x86_64-with-glibc2.34
[2025-09-12T17:52:33.823+0000] {connection.py:1171} INFO - This connection is in OCSP Fail Open Mode. TLS Certificates would be checked for validity and revocation status. Any other Certificate Revocation related exceptions or OCSP Responder failures would be disregarded in favor of connectivity.
[2025-09-12T17:52:34.850+0000] {cursor.py:1028} INFO - query: [ALTER SESSION SET autocommit=False]
[2025-09-12T17:52:35.125+0000] {cursor.py:1041} INFO - query execution done
[2025-09-12T17:52:35.129+0000] {cursor.py:1205} INFO - Number of results in first chunk: 1
[2025-09-12T17:52:35.132+0000] {sql.py:450} INFO - Running statement: COPY INTO SAP_ANALYTICS_DB.RAW_STAGING.RAW_KNA1
            FROM @RAW_STAGING.SAP_CSV_STAGE/KNA1.csv.gz
            FILE_FORMAT = (TYPE = 'CSV' FIELD_DELIMITER = ',' SKIP_HEADER = 1, NULL_IF = ('NULL', ''))
            ON_ERROR = 'CONTINUE';, parameters: None
[2025-09-12T17:52:35.134+0000] {cursor.py:1028} INFO - query: [COPY INTO SAP_ANALYTICS_DB.RAW_STAGING.RAW_KNA1 FROM @RAW_STAGING.SAP_CSV_STAGE/...]
[2025-09-12T17:52:36.796+0000] {cursor.py:1041} INFO - query execution done
[2025-09-12T17:52:36.801+0000] {cursor.py:1205} INFO - Number of results in first chunk: 1
[2025-09-12T17:52:36.802+0000] {sql.py:459} INFO - Rows affected: 1
[2025-09-12T17:52:36.803+0000] {snowflake.py:400} INFO - Rows affected: 1
[2025-09-12T17:52:36.804+0000] {snowflake.py:401} INFO - Snowflake query id: 01bf0190-0106-6b93-0010-1bf30005f086
[2025-09-12T17:52:36.807+0000] {cursor.py:1028} INFO - query: [COMMIT]
[2025-09-12T17:52:37.442+0000] {cursor.py:1041} INFO - query execution done
[2025-09-12T17:52:37.445+0000] {cursor.py:1205} INFO - Number of results in first chunk: 1
[2025-09-12T17:52:37.449+0000] {connection.py:718} INFO - closed
[2025-09-12T17:52:37.665+0000] {connection.py:724} INFO - No async queries seem to be running, deleting session
[2025-09-12T17:52:37.911+0000] {sap_etl_pipeline.py:73} INFO - Successfully loaded data into RAW_KNA1.
[2025-09-12T17:52:37.915+0000] {sap_etl_pipeline.py:71} INFO - Executing COPY command for RAW_MARA from MARA.csv.gz...
[2025-09-12T17:52:37.935+0000] {base.py:83} INFO - Using connection ID 'snowflake_default' for task execution.
[2025-09-12T17:52:37.937+0000] {connection.py:370} INFO - Snowflake Connector for Python Version: 3.6.0, Python Version: 3.8.18, Platform: Linux-5.15.167.4-microsoft-standard-WSL2-x86_64-with-glibc2.34
[2025-09-12T17:52:37.940+0000] {connection.py:1171} INFO - This connection is in OCSP Fail Open Mode. TLS Certificates would be checked for validity and revocation status. Any other Certificate Revocation related exceptions or OCSP Responder failures would be disregarded in favor of connectivity.
[2025-09-12T17:52:38.967+0000] {cursor.py:1028} INFO - query: [ALTER SESSION SET autocommit=False]
[2025-09-12T17:52:39.275+0000] {cursor.py:1041} INFO - query execution done
[2025-09-12T17:52:39.276+0000] {cursor.py:1205} INFO - Number of results in first chunk: 1
[2025-09-12T17:52:39.277+0000] {sql.py:450} INFO - Running statement: COPY INTO SAP_ANALYTICS_DB.RAW_STAGING.RAW_MARA
            FROM @RAW_STAGING.SAP_CSV_STAGE/MARA.csv.gz
            FILE_FORMAT = (TYPE = 'CSV' FIELD_DELIMITER = ',' SKIP_HEADER = 1, NULL_IF = ('NULL', ''))
            ON_ERROR = 'CONTINUE';, parameters: None
[2025-09-12T17:52:39.277+0000] {cursor.py:1028} INFO - query: [COPY INTO SAP_ANALYTICS_DB.RAW_STAGING.RAW_MARA FROM @RAW_STAGING.SAP_CSV_STAGE/...]
[2025-09-12T17:52:40.729+0000] {cursor.py:1041} INFO - query execution done
[2025-09-12T17:52:40.730+0000] {cursor.py:1205} INFO - Number of results in first chunk: 1
[2025-09-12T17:52:40.731+0000] {sql.py:459} INFO - Rows affected: 1
[2025-09-12T17:52:40.732+0000] {snowflake.py:400} INFO - Rows affected: 1
[2025-09-12T17:52:40.733+0000] {snowflake.py:401} INFO - Snowflake query id: 01bf0190-0106-6b14-0010-1bf30006407e
[2025-09-12T17:52:40.734+0000] {cursor.py:1028} INFO - query: [COMMIT]
[2025-09-12T17:52:41.355+0000] {cursor.py:1041} INFO - query execution done
[2025-09-12T17:52:41.356+0000] {cursor.py:1205} INFO - Number of results in first chunk: 1
[2025-09-12T17:52:41.358+0000] {connection.py:718} INFO - closed
[2025-09-12T17:52:41.624+0000] {connection.py:724} INFO - No async queries seem to be running, deleting session
[2025-09-12T17:52:41.933+0000] {sap_etl_pipeline.py:73} INFO - Successfully loaded data into RAW_MARA.
[2025-09-12T17:52:41.934+0000] {sap_etl_pipeline.py:71} INFO - Executing COPY command for RAW_VBAK from VBAK.csv.gz...
[2025-09-12T17:52:41.943+0000] {base.py:83} INFO - Using connection ID 'snowflake_default' for task execution.
[2025-09-12T17:52:41.944+0000] {connection.py:370} INFO - Snowflake Connector for Python Version: 3.6.0, Python Version: 3.8.18, Platform: Linux-5.15.167.4-microsoft-standard-WSL2-x86_64-with-glibc2.34
[2025-09-12T17:52:41.946+0000] {connection.py:1171} INFO - This connection is in OCSP Fail Open Mode. TLS Certificates would be checked for validity and revocation status. Any other Certificate Revocation related exceptions or OCSP Responder failures would be disregarded in favor of connectivity.
[2025-09-12T17:52:42.929+0000] {cursor.py:1028} INFO - query: [ALTER SESSION SET autocommit=False]
[2025-09-12T17:52:43.192+0000] {cursor.py:1041} INFO - query execution done
[2025-09-12T17:52:43.193+0000] {cursor.py:1205} INFO - Number of results in first chunk: 1
[2025-09-12T17:52:43.194+0000] {sql.py:450} INFO - Running statement: COPY INTO SAP_ANALYTICS_DB.RAW_STAGING.RAW_VBAK
            FROM @RAW_STAGING.SAP_CSV_STAGE/VBAK.csv.gz
            FILE_FORMAT = (TYPE = 'CSV' FIELD_DELIMITER = ',' SKIP_HEADER = 1, NULL_IF = ('NULL', ''))
            ON_ERROR = 'CONTINUE';, parameters: None
[2025-09-12T17:52:43.195+0000] {cursor.py:1028} INFO - query: [COPY INTO SAP_ANALYTICS_DB.RAW_STAGING.RAW_VBAK FROM @RAW_STAGING.SAP_CSV_STAGE/...]
[2025-09-12T17:52:44.364+0000] {cursor.py:1041} INFO - query execution done
[2025-09-12T17:52:44.365+0000] {cursor.py:1205} INFO - Number of results in first chunk: 1
[2025-09-12T17:52:44.365+0000] {sql.py:459} INFO - Rows affected: 1
[2025-09-12T17:52:44.366+0000] {snowflake.py:400} INFO - Rows affected: 1
[2025-09-12T17:52:44.366+0000] {snowflake.py:401} INFO - Snowflake query id: 01bf0190-0106-6b93-0010-1bf30005f08a
[2025-09-12T17:52:44.367+0000] {cursor.py:1028} INFO - query: [COMMIT]
[2025-09-12T17:52:44.988+0000] {cursor.py:1041} INFO - query execution done
[2025-09-12T17:52:44.989+0000] {cursor.py:1205} INFO - Number of results in first chunk: 1
[2025-09-12T17:52:44.990+0000] {connection.py:718} INFO - closed
[2025-09-12T17:52:45.189+0000] {connection.py:724} INFO - No async queries seem to be running, deleting session
[2025-09-12T17:52:45.449+0000] {sap_etl_pipeline.py:73} INFO - Successfully loaded data into RAW_VBAK.
[2025-09-12T17:52:45.450+0000] {sap_etl_pipeline.py:71} INFO - Executing COPY command for RAW_VBAP from VBAP.csv.gz...
[2025-09-12T17:52:45.460+0000] {base.py:83} INFO - Using connection ID 'snowflake_default' for task execution.
[2025-09-12T17:52:45.461+0000] {connection.py:370} INFO - Snowflake Connector for Python Version: 3.6.0, Python Version: 3.8.18, Platform: Linux-5.15.167.4-microsoft-standard-WSL2-x86_64-with-glibc2.34
[2025-09-12T17:52:45.462+0000] {connection.py:1171} INFO - This connection is in OCSP Fail Open Mode. TLS Certificates would be checked for validity and revocation status. Any other Certificate Revocation related exceptions or OCSP Responder failures would be disregarded in favor of connectivity.
[2025-09-12T17:52:46.486+0000] {cursor.py:1028} INFO - query: [ALTER SESSION SET autocommit=False]
[2025-09-12T17:52:47.736+0000] {cursor.py:1041} INFO - query execution done
[2025-09-12T17:52:47.739+0000] {cursor.py:1205} INFO - Number of results in first chunk: 1
[2025-09-12T17:52:47.740+0000] {sql.py:450} INFO - Running statement: COPY INTO SAP_ANALYTICS_DB.RAW_STAGING.RAW_VBAP
            FROM @RAW_STAGING.SAP_CSV_STAGE/VBAP.csv.gz
            FILE_FORMAT = (TYPE = 'CSV' FIELD_DELIMITER = ',' SKIP_HEADER = 1, NULL_IF = ('NULL', ''))
            ON_ERROR = 'CONTINUE';, parameters: None
[2025-09-12T17:52:47.741+0000] {cursor.py:1028} INFO - query: [COPY INTO SAP_ANALYTICS_DB.RAW_STAGING.RAW_VBAP FROM @RAW_STAGING.SAP_CSV_STAGE/...]
[2025-09-12T17:52:49.740+0000] {cursor.py:1041} INFO - query execution done
[2025-09-12T17:52:49.744+0000] {cursor.py:1205} INFO - Number of results in first chunk: 1
[2025-09-12T17:52:49.746+0000] {sql.py:459} INFO - Rows affected: 1
[2025-09-12T17:52:49.747+0000] {snowflake.py:400} INFO - Rows affected: 1
[2025-09-12T17:52:49.748+0000] {snowflake.py:401} INFO - Snowflake query id: 01bf0190-0106-6a5b-0010-1bf30006706a
[2025-09-12T17:52:49.750+0000] {cursor.py:1028} INFO - query: [COMMIT]
[2025-09-12T17:52:50.462+0000] {cursor.py:1041} INFO - query execution done
[2025-09-12T17:52:50.463+0000] {cursor.py:1205} INFO - Number of results in first chunk: 1
[2025-09-12T17:52:50.464+0000] {connection.py:718} INFO - closed
[2025-09-12T17:52:50.668+0000] {connection.py:724} INFO - No async queries seem to be running, deleting session
[2025-09-12T17:52:50.900+0000] {sap_etl_pipeline.py:73} INFO - Successfully loaded data into RAW_VBAP.
[2025-09-12T17:52:50.902+0000] {sap_etl_pipeline.py:71} INFO - Executing COPY command for RAW_T005T from T005T.csv.gz...
[2025-09-12T17:52:50.914+0000] {base.py:83} INFO - Using connection ID 'snowflake_default' for task execution.
[2025-09-12T17:52:50.916+0000] {connection.py:370} INFO - Snowflake Connector for Python Version: 3.6.0, Python Version: 3.8.18, Platform: Linux-5.15.167.4-microsoft-standard-WSL2-x86_64-with-glibc2.34
[2025-09-12T17:52:50.919+0000] {connection.py:1171} INFO - This connection is in OCSP Fail Open Mode. TLS Certificates would be checked for validity and revocation status. Any other Certificate Revocation related exceptions or OCSP Responder failures would be disregarded in favor of connectivity.
[2025-09-12T17:52:51.970+0000] {cursor.py:1028} INFO - query: [ALTER SESSION SET autocommit=False]
[2025-09-12T17:52:52.341+0000] {cursor.py:1041} INFO - query execution done
[2025-09-12T17:52:52.342+0000] {cursor.py:1205} INFO - Number of results in first chunk: 1
[2025-09-12T17:52:52.343+0000] {sql.py:450} INFO - Running statement: COPY INTO SAP_ANALYTICS_DB.RAW_STAGING.RAW_T005T
            FROM @RAW_STAGING.SAP_CSV_STAGE/T005T.csv.gz
            FILE_FORMAT = (TYPE = 'CSV' FIELD_DELIMITER = ',' SKIP_HEADER = 1, NULL_IF = ('NULL', ''))
            ON_ERROR = 'CONTINUE';, parameters: None
[2025-09-12T17:52:52.343+0000] {cursor.py:1028} INFO - query: [COPY INTO SAP_ANALYTICS_DB.RAW_STAGING.RAW_T005T FROM @RAW_STAGING.SAP_CSV_STAGE...]
[2025-09-12T17:52:53.835+0000] {cursor.py:1041} INFO - query execution done
[2025-09-12T17:52:53.836+0000] {cursor.py:1205} INFO - Number of results in first chunk: 1
[2025-09-12T17:52:53.836+0000] {sql.py:459} INFO - Rows affected: 1
[2025-09-12T17:52:53.837+0000] {snowflake.py:400} INFO - Rows affected: 1
[2025-09-12T17:52:53.838+0000] {snowflake.py:401} INFO - Snowflake query id: 01bf0190-0106-6ca6-0010-1bf30006507a
[2025-09-12T17:52:53.839+0000] {cursor.py:1028} INFO - query: [COMMIT]
[2025-09-12T17:52:54.641+0000] {cursor.py:1041} INFO - query execution done
[2025-09-12T17:52:54.643+0000] {cursor.py:1205} INFO - Number of results in first chunk: 1
[2025-09-12T17:52:54.644+0000] {connection.py:718} INFO - closed
[2025-09-12T17:52:54.954+0000] {connection.py:724} INFO - No async queries seem to be running, deleting session
[2025-09-12T17:52:55.300+0000] {sap_etl_pipeline.py:73} INFO - Successfully loaded data into RAW_T005T.
[2025-09-12T17:52:55.306+0000] {python.py:201} INFO - Done. Returned value was: None
[2025-09-12T17:52:55.333+0000] {taskinstance.py:1138} INFO - Marking task as SUCCESS. dag_id=sap_elt_pipeline, task_id=load_stage_to_raw_tables, execution_date=20250912T175201, start_date=20250912T175233, end_date=20250912T175255
[2025-09-12T17:52:55.402+0000] {local_task_job_runner.py:234} INFO - Task exited with return code 0
[2025-09-12T17:52:55.448+0000] {taskinstance.py:3280} INFO - 1 downstream tasks scheduled from follow-on schedule check
