[2025-08-25T17:22:28.133+0000] {processor.py:161} INFO - Started process (PID=459) to work on /opt/airflow/dags/sap_etl_pipeline.py
[2025-08-25T17:22:28.144+0000] {processor.py:830} INFO - Processing file /opt/airflow/dags/sap_etl_pipeline.py for tasks to queue
[2025-08-25T17:22:28.164+0000] {logging_mixin.py:188} INFO - [2025-08-25T17:22:28.157+0000] {dagbag.py:538} INFO - Filling up the DagBag from /opt/airflow/dags/sap_etl_pipeline.py
[2025-08-25T17:22:28.543+0000] {processor.py:840} INFO - DAG(s) 'sap_elt_pipeline' retrieved from /opt/airflow/dags/sap_etl_pipeline.py
[2025-08-25T17:22:29.616+0000] {logging_mixin.py:188} INFO - [2025-08-25T17:22:29.614+0000] {override.py:1769} INFO - Created Permission View: can read on DAG:sap_elt_pipeline
[2025-08-25T17:22:29.676+0000] {logging_mixin.py:188} INFO - [2025-08-25T17:22:29.674+0000] {override.py:1769} INFO - Created Permission View: can edit on DAG:sap_elt_pipeline
[2025-08-25T17:22:29.710+0000] {logging_mixin.py:188} INFO - [2025-08-25T17:22:29.708+0000] {override.py:1769} INFO - Created Permission View: can delete on DAG:sap_elt_pipeline
[2025-08-25T17:22:29.715+0000] {logging_mixin.py:188} INFO - [2025-08-25T17:22:29.715+0000] {dag.py:3036} INFO - Sync 1 DAGs
[2025-08-25T17:22:29.820+0000] {logging_mixin.py:188} INFO - [2025-08-25T17:22:29.819+0000] {dag.py:3058} INFO - Creating ORM DAG for sap_elt_pipeline
[2025-08-25T17:22:29.823+0000] {logging_mixin.py:188} INFO - [2025-08-25T17:22:29.822+0000] {dag.py:3823} INFO - Setting next_dagrun for sap_elt_pipeline to None, run_after=None
[2025-08-25T17:22:29.868+0000] {processor.py:183} INFO - Processing /opt/airflow/dags/sap_etl_pipeline.py took 1.806 seconds
[2025-08-25T17:23:00.418+0000] {processor.py:161} INFO - Started process (PID=480) to work on /opt/airflow/dags/sap_etl_pipeline.py
[2025-08-25T17:23:00.423+0000] {processor.py:830} INFO - Processing file /opt/airflow/dags/sap_etl_pipeline.py for tasks to queue
[2025-08-25T17:23:00.427+0000] {logging_mixin.py:188} INFO - [2025-08-25T17:23:00.426+0000] {dagbag.py:538} INFO - Filling up the DagBag from /opt/airflow/dags/sap_etl_pipeline.py
[2025-08-25T17:23:00.522+0000] {processor.py:840} INFO - DAG(s) 'sap_elt_pipeline' retrieved from /opt/airflow/dags/sap_etl_pipeline.py
[2025-08-25T17:23:00.605+0000] {logging_mixin.py:188} INFO - [2025-08-25T17:23:00.605+0000] {dag.py:3036} INFO - Sync 1 DAGs
[2025-08-25T17:23:00.645+0000] {logging_mixin.py:188} INFO - [2025-08-25T17:23:00.645+0000] {dag.py:3823} INFO - Setting next_dagrun for sap_elt_pipeline to None, run_after=None
[2025-08-25T17:23:00.685+0000] {processor.py:183} INFO - Processing /opt/airflow/dags/sap_etl_pipeline.py took 0.283 seconds
[2025-08-25T17:23:31.117+0000] {processor.py:161} INFO - Started process (PID=501) to work on /opt/airflow/dags/sap_etl_pipeline.py
[2025-08-25T17:23:31.123+0000] {processor.py:830} INFO - Processing file /opt/airflow/dags/sap_etl_pipeline.py for tasks to queue
[2025-08-25T17:23:31.128+0000] {logging_mixin.py:188} INFO - [2025-08-25T17:23:31.126+0000] {dagbag.py:538} INFO - Filling up the DagBag from /opt/airflow/dags/sap_etl_pipeline.py
[2025-08-25T17:23:31.244+0000] {processor.py:840} INFO - DAG(s) 'sap_elt_pipeline' retrieved from /opt/airflow/dags/sap_etl_pipeline.py
[2025-08-25T17:23:31.351+0000] {logging_mixin.py:188} INFO - [2025-08-25T17:23:31.351+0000] {dag.py:3036} INFO - Sync 1 DAGs
[2025-08-25T17:23:31.376+0000] {logging_mixin.py:188} INFO - [2025-08-25T17:23:31.376+0000] {dag.py:3823} INFO - Setting next_dagrun for sap_elt_pipeline to None, run_after=None
[2025-08-25T17:23:31.470+0000] {processor.py:183} INFO - Processing /opt/airflow/dags/sap_etl_pipeline.py took 0.367 seconds
[2025-08-25T17:24:02.070+0000] {processor.py:161} INFO - Started process (PID=522) to work on /opt/airflow/dags/sap_etl_pipeline.py
[2025-08-25T17:24:02.075+0000] {processor.py:830} INFO - Processing file /opt/airflow/dags/sap_etl_pipeline.py for tasks to queue
[2025-08-25T17:24:02.081+0000] {logging_mixin.py:188} INFO - [2025-08-25T17:24:02.079+0000] {dagbag.py:538} INFO - Filling up the DagBag from /opt/airflow/dags/sap_etl_pipeline.py
[2025-08-25T17:24:02.184+0000] {processor.py:840} INFO - DAG(s) 'sap_elt_pipeline' retrieved from /opt/airflow/dags/sap_etl_pipeline.py
[2025-08-25T17:24:02.310+0000] {logging_mixin.py:188} INFO - [2025-08-25T17:24:02.309+0000] {dag.py:3036} INFO - Sync 1 DAGs
[2025-08-25T17:24:02.344+0000] {logging_mixin.py:188} INFO - [2025-08-25T17:24:02.344+0000] {dag.py:3823} INFO - Setting next_dagrun for sap_elt_pipeline to None, run_after=None
[2025-08-25T17:24:02.412+0000] {processor.py:183} INFO - Processing /opt/airflow/dags/sap_etl_pipeline.py took 0.358 seconds
[2025-08-25T17:24:33.039+0000] {processor.py:161} INFO - Started process (PID=543) to work on /opt/airflow/dags/sap_etl_pipeline.py
[2025-08-25T17:24:33.045+0000] {processor.py:830} INFO - Processing file /opt/airflow/dags/sap_etl_pipeline.py for tasks to queue
[2025-08-25T17:24:33.053+0000] {logging_mixin.py:188} INFO - [2025-08-25T17:24:33.051+0000] {dagbag.py:538} INFO - Filling up the DagBag from /opt/airflow/dags/sap_etl_pipeline.py
[2025-08-25T17:24:33.175+0000] {processor.py:840} INFO - DAG(s) 'sap_elt_pipeline' retrieved from /opt/airflow/dags/sap_etl_pipeline.py
[2025-08-25T17:24:33.361+0000] {logging_mixin.py:188} INFO - [2025-08-25T17:24:33.360+0000] {dag.py:3036} INFO - Sync 1 DAGs
[2025-08-25T17:24:33.456+0000] {logging_mixin.py:188} INFO - [2025-08-25T17:24:33.454+0000] {dag.py:3823} INFO - Setting next_dagrun for sap_elt_pipeline to None, run_after=None
[2025-08-25T17:24:33.585+0000] {processor.py:183} INFO - Processing /opt/airflow/dags/sap_etl_pipeline.py took 0.567 seconds
