[2025-09-12T18:27:46.513+0000] {taskinstance.py:1956} INFO - Dependencies all met for dep_context=non-requeueable deps ti=<TaskInstance: sap_elt_pipeline.run_dbt_models manual__2025-09-12T18:26:52.730432+00:00 [queued]>
[2025-09-12T18:27:46.525+0000] {taskinstance.py:1956} INFO - Dependencies all met for dep_context=requeueable deps ti=<TaskInstance: sap_elt_pipeline.run_dbt_models manual__2025-09-12T18:26:52.730432+00:00 [queued]>
[2025-09-12T18:27:46.526+0000] {taskinstance.py:2170} INFO - Starting attempt 1 of 1
[2025-09-12T18:27:46.555+0000] {taskinstance.py:2191} INFO - Executing <Task(BashOperator): run_dbt_models> on 2025-09-12 18:26:52.730432+00:00
[2025-09-12T18:27:46.561+0000] {standard_task_runner.py:60} INFO - Started process 7095 to run task
[2025-09-12T18:27:46.568+0000] {standard_task_runner.py:87} INFO - Running: ['***', 'tasks', 'run', 'sap_elt_pipeline', 'run_dbt_models', 'manual__2025-09-12T18:26:52.730432+00:00', '--job-id', '41', '--raw', '--subdir', 'DAGS_FOLDER/sap_etl_pipeline.py', '--cfg-path', '/tmp/tmp7d5f07od']
[2025-09-12T18:27:46.575+0000] {standard_task_runner.py:88} INFO - Job 41: Subtask run_dbt_models
[2025-09-12T18:27:46.667+0000] {task_command.py:423} INFO - Running <TaskInstance: sap_elt_pipeline.run_dbt_models manual__2025-09-12T18:26:52.730432+00:00 [running]> on host f99cf7ca5f05
[2025-09-12T18:27:46.810+0000] {taskinstance.py:2480} INFO - Exporting env vars: AIRFLOW_CTX_DAG_OWNER='***' AIRFLOW_CTX_DAG_ID='sap_elt_pipeline' AIRFLOW_CTX_TASK_ID='run_dbt_models' AIRFLOW_CTX_EXECUTION_DATE='2025-09-12T18:26:52.730432+00:00' AIRFLOW_CTX_TRY_NUMBER='1' AIRFLOW_CTX_DAG_RUN_ID='manual__2025-09-12T18:26:52.730432+00:00'
[2025-09-12T18:27:46.813+0000] {subprocess.py:63} INFO - Tmp dir root location: /tmp
[2025-09-12T18:27:46.818+0000] {subprocess.py:75} INFO - Running command: ['/usr/bin/bash', '-c', 'dbt run --project-dir /opt/***/dbt --profiles-dir /opt/***/dbt']
[2025-09-12T18:27:46.832+0000] {subprocess.py:86} INFO - Output:
[2025-09-12T18:27:50.516+0000] {subprocess.py:93} INFO - [0m18:27:50  Running with dbt=1.9.0-b2
[2025-09-12T18:27:50.531+0000] {subprocess.py:93} INFO - [0m18:27:50  [[33mWARNING[0m]: Deprecated functionality
[2025-09-12T18:27:50.531+0000] {subprocess.py:93} INFO - 
[2025-09-12T18:27:50.532+0000] {subprocess.py:93} INFO - User config should be moved from the 'config' key in profiles.yml to the 'flags' key in dbt_project.yml.
[2025-09-12T18:27:52.545+0000] {subprocess.py:93} INFO - [0m18:27:52  Registered adapter: snowflake=1.8.0
[2025-09-12T18:27:52.966+0000] {subprocess.py:93} INFO - [0m18:27:52  Unable to do partial parsing because a project config has changed
[2025-09-12T18:27:57.122+0000] {subprocess.py:93} INFO - [0m18:27:57  Found 5 models, 5 sources, 453 macros
[2025-09-12T18:27:57.127+0000] {subprocess.py:93} INFO - [0m18:27:57
[2025-09-12T18:27:57.128+0000] {subprocess.py:93} INFO - [0m18:27:57  Concurrency: 4 threads (target='dev')
[2025-09-12T18:27:57.129+0000] {subprocess.py:93} INFO - [0m18:27:57
[2025-09-12T18:28:01.310+0000] {subprocess.py:93} INFO - [0m18:28:01  1 of 5 START sql view model RAW_STAGING.stg_countries .......................... [RUN]
[2025-09-12T18:28:01.313+0000] {subprocess.py:93} INFO - [0m18:28:01  2 of 5 START sql view model RAW_STAGING.stg_customers .......................... [RUN]
[2025-09-12T18:28:01.315+0000] {subprocess.py:93} INFO - [0m18:28:01  3 of 5 START sql view model RAW_STAGING.stg_products ........................... [RUN]
[2025-09-12T18:28:01.319+0000] {subprocess.py:93} INFO - [0m18:28:01  4 of 5 START sql view model RAW_STAGING.stg_sales_order_items .................. [RUN]
[2025-09-12T18:28:03.777+0000] {subprocess.py:93} INFO - [0m18:28:03  4 of 5 OK created sql view model RAW_STAGING.stg_sales_order_items ............. [[32mSUCCESS 1[0m in 2.43s]
[2025-09-12T18:28:03.792+0000] {subprocess.py:93} INFO - [0m18:28:03  5 of 5 START sql view model RAW_STAGING.stg_sales_orders ....................... [RUN]
[2025-09-12T18:28:03.947+0000] {subprocess.py:93} INFO - [0m18:28:03  1 of 5 OK created sql view model RAW_STAGING.stg_countries ..................... [[32mSUCCESS 1[0m in 2.62s]
[2025-09-12T18:28:03.974+0000] {subprocess.py:93} INFO - [0m18:28:03  2 of 5 OK created sql view model RAW_STAGING.stg_customers ..................... [[32mSUCCESS 1[0m in 2.65s]
[2025-09-12T18:28:04.345+0000] {subprocess.py:93} INFO - [0m18:28:04  3 of 5 OK created sql view model RAW_STAGING.stg_products ...................... [[32mSUCCESS 1[0m in 3.02s]
[2025-09-12T18:28:05.713+0000] {subprocess.py:93} INFO - [0m18:28:05  5 of 5 OK created sql view model RAW_STAGING.stg_sales_orders .................. [[32mSUCCESS 1[0m in 1.92s]
[2025-09-12T18:28:05.732+0000] {subprocess.py:93} INFO - [0m18:28:05
[2025-09-12T18:28:05.734+0000] {subprocess.py:93} INFO - [0m18:28:05  Finished running 5 view models in 0 hours 0 minutes and 8.60 seconds (8.60s).
[2025-09-12T18:28:05.867+0000] {subprocess.py:93} INFO - [0m18:28:05
[2025-09-12T18:28:05.875+0000] {subprocess.py:93} INFO - [0m18:28:05  [32mCompleted successfully[0m
[2025-09-12T18:28:05.877+0000] {subprocess.py:93} INFO - [0m18:28:05
[2025-09-12T18:28:05.879+0000] {subprocess.py:93} INFO - [0m18:28:05  Done. PASS=5 WARN=0 ERROR=0 SKIP=0 TOTAL=5
[2025-09-12T18:28:06.574+0000] {subprocess.py:97} INFO - Command exited with return code 0
[2025-09-12T18:28:06.615+0000] {taskinstance.py:1138} INFO - Marking task as SUCCESS. dag_id=sap_elt_pipeline, task_id=run_dbt_models, execution_date=20250912T182652, start_date=20250912T182746, end_date=20250912T182806
[2025-09-12T18:28:06.676+0000] {local_task_job_runner.py:234} INFO - Task exited with return code 0
[2025-09-12T18:28:06.708+0000] {taskinstance.py:3280} INFO - 1 downstream tasks scheduled from follow-on schedule check
