[2025-09-01T16:49:39.424+0000] {taskinstance.py:1956} INFO - Dependencies all met for dep_context=non-requeueable deps ti=<TaskInstance: sap_elt_pipeline.run_dbt_models manual__2025-09-01T16:49:06.024630+00:00 [queued]>
[2025-09-01T16:49:39.443+0000] {taskinstance.py:1956} INFO - Dependencies all met for dep_context=requeueable deps ti=<TaskInstance: sap_elt_pipeline.run_dbt_models manual__2025-09-01T16:49:06.024630+00:00 [queued]>
[2025-09-01T16:49:39.444+0000] {taskinstance.py:2170} INFO - Starting attempt 1 of 1
[2025-09-01T16:49:39.479+0000] {taskinstance.py:2191} INFO - Executing <Task(BashOperator): run_dbt_models> on 2025-09-01 16:49:06.024630+00:00
[2025-09-01T16:49:39.489+0000] {standard_task_runner.py:60} INFO - Started process 1845 to run task
[2025-09-01T16:49:39.495+0000] {standard_task_runner.py:87} INFO - Running: ['***', 'tasks', 'run', 'sap_elt_pipeline', 'run_dbt_models', 'manual__2025-09-01T16:49:06.024630+00:00', '--job-id', '15', '--raw', '--subdir', 'DAGS_FOLDER/sap_etl_pipeline.py', '--cfg-path', '/tmp/tmpoyk1xaft']
[2025-09-01T16:49:39.502+0000] {standard_task_runner.py:88} INFO - Job 15: Subtask run_dbt_models
[2025-09-01T16:49:39.610+0000] {task_command.py:423} INFO - Running <TaskInstance: sap_elt_pipeline.run_dbt_models manual__2025-09-01T16:49:06.024630+00:00 [running]> on host 3c0baf121e58
[2025-09-01T16:49:39.772+0000] {taskinstance.py:2480} INFO - Exporting env vars: AIRFLOW_CTX_DAG_OWNER='***' AIRFLOW_CTX_DAG_ID='sap_elt_pipeline' AIRFLOW_CTX_TASK_ID='run_dbt_models' AIRFLOW_CTX_EXECUTION_DATE='2025-09-01T16:49:06.024630+00:00' AIRFLOW_CTX_TRY_NUMBER='1' AIRFLOW_CTX_DAG_RUN_ID='manual__2025-09-01T16:49:06.024630+00:00'
[2025-09-01T16:49:39.776+0000] {subprocess.py:63} INFO - Tmp dir root location: /tmp
[2025-09-01T16:49:39.777+0000] {subprocess.py:75} INFO - Running command: ['/usr/bin/bash', '-c', 'dbt run --project-dir /opt/***/dbt --profiles-dir /opt/***/dbt']
[2025-09-01T16:49:39.814+0000] {subprocess.py:86} INFO - Output:
[2025-09-01T16:49:42.523+0000] {subprocess.py:93} INFO - [0m16:49:42  Running with dbt=1.9.0-b2
[2025-09-01T16:49:42.525+0000] {subprocess.py:93} INFO - [0m16:49:42  [[33mWARNING[0m]: Deprecated functionality
[2025-09-01T16:49:42.525+0000] {subprocess.py:93} INFO - 
[2025-09-01T16:49:42.526+0000] {subprocess.py:93} INFO - User config should be moved from the 'config' key in profiles.yml to the 'flags' key in dbt_project.yml.
[2025-09-01T16:49:42.529+0000] {subprocess.py:93} INFO - [0m16:49:42  Encountered an error:
[2025-09-01T16:49:42.530+0000] {subprocess.py:93} INFO - Runtime Error
[2025-09-01T16:49:42.531+0000] {subprocess.py:93} INFO -   dbt_project.yml does not parse to a dictionary
[2025-09-01T16:49:42.722+0000] {subprocess.py:97} INFO - Command exited with return code 2
[2025-09-01T16:49:42.736+0000] {taskinstance.py:2698} ERROR - Task failed with exception
Traceback (most recent call last):
  File "/home/airflow/.local/lib/python3.8/site-packages/airflow/models/taskinstance.py", line 433, in _execute_task
    result = execute_callable(context=context, **execute_callable_kwargs)
  File "/home/airflow/.local/lib/python3.8/site-packages/airflow/operators/bash.py", line 212, in execute
    raise AirflowException(
airflow.exceptions.AirflowException: Bash command failed. The command returned a non-zero exit code 2.
[2025-09-01T16:49:42.740+0000] {taskinstance.py:1138} INFO - Marking task as FAILED. dag_id=sap_elt_pipeline, task_id=run_dbt_models, execution_date=20250901T164906, start_date=20250901T164939, end_date=20250901T164942
[2025-09-01T16:49:42.757+0000] {standard_task_runner.py:107} ERROR - Failed to execute job 15 for task run_dbt_models (Bash command failed. The command returned a non-zero exit code 2.; 1845)
[2025-09-01T16:49:42.805+0000] {local_task_job_runner.py:234} INFO - Task exited with return code 1
[2025-09-01T16:49:42.832+0000] {taskinstance.py:3280} INFO - 0 downstream tasks scheduled from follow-on schedule check
